0 info it worked if it ends with ok
1 verbose cli [ 'node', '/usr/local/bin/npm', 'install', '-g', 'modulus' ]
2 info using npm@2.3.0
3 info using node@v0.10.35
4 silly cache add args [ 'modulus', null ]
5 verbose cache add spec modulus
6 silly cache add parsed spec { raw: 'modulus',
6 silly cache add   scope: null,
6 silly cache add   name: 'modulus',
6 silly cache add   rawSpec: '',
6 silly cache add   spec: '*',
6 silly cache add   type: 'range' }
7 verbose addNamed modulus@*
8 silly addNamed semver.valid null
9 silly addNamed semver.validRange *
10 silly addNameRange { name: 'modulus', range: '*', hasData: false }
11 silly mapToRegistry name modulus
12 silly mapToRegistry using default registry
13 silly mapToRegistry registry https://registry.npmjs.org/
14 silly mapToRegistry uri https://registry.npmjs.org/modulus
15 verbose addNameRange registry:https://registry.npmjs.org/modulus not in flight; fetching
16 verbose request uri https://registry.npmjs.org/modulus
17 verbose request no auth needed
18 info attempt registry request try #1 at 19:40:25
19 verbose request id d75988eacb12c66c
20 verbose etag "4J52LQL5U3FH8IUBOGR4JPCRG"
21 http request GET https://registry.npmjs.org/modulus
22 http 200 https://registry.npmjs.org/modulus
23 silly get cb [ 200,
23 silly get   { server: 'CouchDB/1.5.0 (Erlang OTP/R16B03)',
23 silly get     etag: '"1IKOMFIJQL33XKSBRGO1VRYSZ"',
23 silly get     'content-type': 'application/json',
23 silly get     'cache-control': 'max-age=60',
23 silly get     'content-length': '168031',
23 silly get     'accept-ranges': 'bytes',
23 silly get     date: 'Sun, 13 Sep 2015 02:34:43 GMT',
23 silly get     via: '1.1 varnish',
23 silly get     age: '0',
23 silly get     connection: 'keep-alive',
23 silly get     'x-served-by': 'cache-lax1425-LAX',
23 silly get     'x-cache': 'MISS',
23 silly get     'x-cache-hits': '0',
23 silly get     'x-timer': 'S1442111683.671663,VS0,VE316',
23 silly get     vary: 'Accept' } ]
24 silly addNameRange number 2 { name: 'modulus', range: '*', hasData: true }
25 silly addNameRange versions [ 'modulus',
25 silly addNameRange   [ '0.0.1',
25 silly addNameRange     '0.0.2',
25 silly addNameRange     '0.0.3',
25 silly addNameRange     '0.0.4',
25 silly addNameRange     '0.0.5',
25 silly addNameRange     '0.1.0',
25 silly addNameRange     '0.1.1',
25 silly addNameRange     '0.1.2',
25 silly addNameRange     '0.1.3',
25 silly addNameRange     '0.1.4',
25 silly addNameRange     '0.1.5',
25 silly addNameRange     '0.1.6',
25 silly addNameRange     '0.1.7',
25 silly addNameRange     '0.1.8',
25 silly addNameRange     '0.1.9',
25 silly addNameRange     '0.1.10',
25 silly addNameRange     '0.1.11',
25 silly addNameRange     '0.1.12',
25 silly addNameRange     '0.1.13',
25 silly addNameRange     '0.1.14',
25 silly addNameRange     '0.1.14-2',
25 silly addNameRange     '0.1.15',
25 silly addNameRange     '0.1.16',
25 silly addNameRange     '0.1.17',
25 silly addNameRange     '0.1.18',
25 silly addNameRange     '0.2.0',
25 silly addNameRange     '0.2.1',
25 silly addNameRange     '0.2.2',
25 silly addNameRange     '0.2.2-1',
25 silly addNameRange     '0.2.2-2',
25 silly addNameRange     '0.2.3',
25 silly addNameRange     '0.3.0',
25 silly addNameRange     '0.3.1',
25 silly addNameRange     '0.4.0',
25 silly addNameRange     '0.5.0',
25 silly addNameRange     '0.5.1',
25 silly addNameRange     '0.6.2',
25 silly addNameRange     '0.6.3',
25 silly addNameRange     '1.0.0',
25 silly addNameRange     '1.0.1',
25 silly addNameRange     '1.0.2',
25 silly addNameRange     '1.0.3',
25 silly addNameRange     '1.1.0',
25 silly addNameRange     '1.1.1',
25 silly addNameRange     '1.2.0',
25 silly addNameRange     '1.2.1',
25 silly addNameRange     '1.2.2',
25 silly addNameRange     '2.0.0',
25 silly addNameRange     '2.0.1',
25 silly addNameRange     '2.0.2',
25 silly addNameRange     '2.1.0',
25 silly addNameRange     '3.0.0',
25 silly addNameRange     '3.0.1',
25 silly addNameRange     '3.0.2',
25 silly addNameRange     '3.0.3',
25 silly addNameRange     '3.0.4',
25 silly addNameRange     '3.0.5',
25 silly addNameRange     '3.1.0',
25 silly addNameRange     '3.2.0',
25 silly addNameRange     '3.2.1',
25 silly addNameRange     '3.3.0',
25 silly addNameRange     '3.4.0',
25 silly addNameRange     '3.4.1',
25 silly addNameRange     '3.4.2',
25 silly addNameRange     '3.5.0',
25 silly addNameRange     '3.5.1',
25 silly addNameRange     '3.6.0',
25 silly addNameRange     '3.6.1',
25 silly addNameRange     '3.6.2',
25 silly addNameRange     '3.6.3',
25 silly addNameRange     '3.7.0',
25 silly addNameRange     '3.7.1',
25 silly addNameRange     '3.7.2',
25 silly addNameRange     '3.7.3',
25 silly addNameRange     '3.8.0',
25 silly addNameRange     '3.9.0',
25 silly addNameRange     '3.10.0',
25 silly addNameRange     '3.10.1',
25 silly addNameRange     '3.10.2',
25 silly addNameRange     '3.10.3',
25 silly addNameRange     '3.11.0',
25 silly addNameRange     '3.11.1',
25 silly addNameRange     '3.13.0',
25 silly addNameRange     '3.13.1',
25 silly addNameRange     '3.13.2',
25 silly addNameRange     '3.13.3',
25 silly addNameRange     '3.13.4',
25 silly addNameRange     '3.14.0',
25 silly addNameRange     '3.14.1',
25 silly addNameRange     '3.15.0',
25 silly addNameRange     '3.15.1',
25 silly addNameRange     '4.0.0',
25 silly addNameRange     '4.0.1' ] ]
26 verbose addNamed modulus@4.0.1
27 silly addNamed semver.valid 4.0.1
28 silly addNamed semver.validRange 4.0.1
29 silly mapToRegistry name modulus
30 silly mapToRegistry using default registry
31 silly mapToRegistry registry https://registry.npmjs.org/
32 silly mapToRegistry uri https://registry.npmjs.org/modulus
33 verbose addRemoteTarball https://registry.npmjs.org/modulus/-/modulus-4.0.1.tgz not in flight; adding
34 verbose addRemoteTarball [ 'https://registry.npmjs.org/modulus/-/modulus-4.0.1.tgz',
34 verbose addRemoteTarball   '6e2791616d7719ebcceaa0c6f142806f132e4aa1' ]
35 info retry fetch attempt 1 at 19:40:25
36 info attempt registry request try #1 at 19:40:25
37 http fetch GET https://registry.npmjs.org/modulus/-/modulus-4.0.1.tgz
38 http fetch 200 https://registry.npmjs.org/modulus/-/modulus-4.0.1.tgz
39 silly fetchAndShaCheck shasum 6e2791616d7719ebcceaa0c6f142806f132e4aa1
40 verbose addTmpTarball /var/folders/19/n_8xzty11dbdy83mjqzm4k8m0000gn/T/npm-5245-351fcb79/registry.npmjs.org/modulus/-/modulus-4.0.1.tgz not in flight; adding
41 verbose addTmpTarball already have metadata; skipping unpack for modulus@4.0.1
42 silly cache afterAdd modulus@4.0.1
43 verbose afterAdd /Users/Rohit/.npm/modulus/4.0.1/package/package.json not in flight; writing
44 verbose afterAdd /Users/Rohit/.npm/modulus/4.0.1/package/package.json written
45 silly install resolved [ { name: 'modulus',
45 silly install resolved     description: 'The command line interface for deploying applications to the Modulus hosting platform.',
45 silly install resolved     keywords:
45 silly install resolved      [ 'cli',
45 silly install resolved        'modulus',
45 silly install resolved        'hosting',
45 silly install resolved        'cloud hosting',
45 silly install resolved        'paas',
45 silly install resolved        'platform-as-a-service',
45 silly install resolved        'deployment',
45 silly install resolved        'deploy',
45 silly install resolved        'command line',
45 silly install resolved        'modulusio' ],
45 silly install resolved     version: '4.0.1',
45 silly install resolved     author: { name: 'Modulus', email: 'feedback@modulus.io' },
45 silly install resolved     maintainers:
45 silly install resolved      [ [Object],
45 silly install resolved        [Object],
45 silly install resolved        [Object],
45 silly install resolved        [Object],
45 silly install resolved        [Object],
45 silly install resolved        [Object],
45 silly install resolved        [Object] ],
45 silly install resolved     repository:
45 silly install resolved      { type: 'git',
45 silly install resolved        url: 'git+https://github.com/onmodulus/modulus-cli.git' },
45 silly install resolved     licenses: [ [Object] ],
45 silly install resolved     dependencies:
45 silly install resolved      { async: '0.1.x',
45 silly install resolved        colors: '0.6.x',
45 silly install resolved        'commander-plus': '0.0.x',
45 silly install resolved        demeteorizer: '2.x.x',
45 silly install resolved        'find-file-sync': '0.0.2',
45 silly install resolved        'fs-tools': '~0.2.10',
45 silly install resolved        'fstream-ignore': '0.0.x',
45 silly install resolved        'node-uuid': '1.3.3',
45 silly install resolved        progress: '0.1.x',
45 silly install resolved        prompt: '0.2.x',
45 silly install resolved        request: '2.27.x',
45 silly install resolved        split: '0.3.0',
45 silly install resolved        'text-table': '0.2.0',
45 silly install resolved        through: '2.3.4',
45 silly install resolved        underscore: '1.4.x',
45 silly install resolved        'update-notifier': '~0.1.7',
45 silly install resolved        'zip-stream': '0.5.1' },
45 silly install resolved     devDependencies: { mocha: '1.5.x', express: '3.0.x' },
45 silly install resolved     main: './lib/modulus',
45 silly install resolved     bin: { modulus: './bin/modulus' },
45 silly install resolved     preferGlobal: true,
45 silly install resolved     engines: { node: '>= 0.8.0' },
45 silly install resolved     scripts: {},
45 silly install resolved     gitHead: '0783bbed3cd31759ec96a45f5221aeded802ec8b',
45 silly install resolved     bugs: { url: 'https://github.com/onmodulus/modulus-cli/issues' },
45 silly install resolved     homepage: 'https://github.com/onmodulus/modulus-cli#readme',
45 silly install resolved     _id: 'modulus@4.0.1',
45 silly install resolved     _shasum: '6e2791616d7719ebcceaa0c6f142806f132e4aa1',
45 silly install resolved     _from: 'modulus@*',
45 silly install resolved     _npmVersion: '2.14.2',
45 silly install resolved     _nodeVersion: '4.0.0',
45 silly install resolved     _npmUser: { name: 'fiveisprime', email: 'matt@modulus.io' },
45 silly install resolved     dist:
45 silly install resolved      { shasum: '6e2791616d7719ebcceaa0c6f142806f132e4aa1',
45 silly install resolved        tarball: 'http://registry.npmjs.org/modulus/-/modulus-4.0.1.tgz' },
45 silly install resolved     directories: {},
45 silly install resolved     _resolved: 'https://registry.npmjs.org/modulus/-/modulus-4.0.1.tgz' } ]
46 info install modulus@4.0.1 into /usr/local/lib
47 info installOne modulus@4.0.1
48 verbose installOne of modulus to /usr/local/lib not in flight; installing
49 verbose lock using /Users/Rohit/.npm/_locks/modulus-73bdd4db349978f1.lock for /usr/local/lib/node_modules/modulus
50 silly install write writing modulus 4.0.1 to /usr/local/lib/node_modules/modulus
51 silly cache addNamed cb modulus@4.0.1
52 verbose unbuild lib/node_modules/modulus
53 info preuninstall modulus@3.5.0
54 info uninstall modulus@3.5.0
55 verbose unbuild rmStuff modulus@3.5.0 from /usr/local/lib/node_modules
56 verbose gentlyRm verifying that /usr/local is managed by npm
57 silly isManaged /usr/local is not inside /usr/local/lib/node_modules
58 silly isManaged /usr/local is not inside /usr/local/lib/node_modules
59 silly isManaged /usr/local/bin is inside /usr/local
60 silly gentlyRm /usr/local is managed by npm
61 silly gentlyRm /usr/local/bin/modulus is under /usr/local
62 verbose gentlyRm vacuuming /usr/local/bin/modulus up to /usr/local
63 silly gentlyRm removing /usr/local/bin/modulus
64 silly gentlyRm quitting because other entries in /usr/local/bin
65 info postuninstall modulus@3.5.0
66 verbose gentlyRm vacuuming /usr/local/lib/node_modules/modulus
67 silly gentlyRm purging /usr/local/lib/node_modules/modulus
68 verbose unlock done using /Users/Rohit/.npm/_locks/modulus-73bdd4db349978f1.lock for /usr/local/lib/node_modules/modulus
69 verbose stack Error: EACCES, unlink '/usr/local/lib/node_modules/modulus'
70 verbose cwd /Users/Rohit/Meteor/codeScreen_v1
71 error Darwin 14.3.0
72 error argv "node" "/usr/local/bin/npm" "install" "-g" "modulus"
73 error node v0.10.35
74 error npm  v2.3.0
75 error path /usr/local/lib/node_modules/modulus
76 error code EACCES
77 error errno 3
78 error Error: EACCES, unlink '/usr/local/lib/node_modules/modulus'
78 error  { [Error: EACCES, unlink '/usr/local/lib/node_modules/modulus']
78 error   errno: 3,
78 error   code: 'EACCES',
78 error   path: '/usr/local/lib/node_modules/modulus' }
79 error Please try running this command again as root/Administrator.
80 verbose exit [ 3, true ]
81 verbose unbuild lib/node_modules/modulus
82 info preuninstall modulus@3.5.0
83 info uninstall modulus@3.5.0
84 verbose unbuild rmStuff modulus@3.5.0 from /usr/local/lib/node_modules
85 verbose gentlyRm verifying that /usr/local is managed by npm
86 silly isManaged /usr/local is not inside /usr/local/lib/node_modules
87 silly isManaged /usr/local is not inside /usr/local/lib/node_modules
88 silly isManaged /usr/local is not inside /usr/local/bin
89 silly isManaged /usr/local is inside /usr/local
90 silly gentlyRm /usr/local is managed by npm
91 silly gentlyRm /usr/local/bin/modulus is under /usr/local
92 verbose gentlyRm vacuuming /usr/local/bin/modulus up to /usr/local
93 info postuninstall modulus@3.5.0
94 verbose gentlyRm vacuuming /usr/local/lib/node_modules/modulus
95 silly gentlyRm purging /usr/local/lib/node_modules/modulus
96 error error rolling back Error: EACCES, unlink '/usr/local/lib/node_modules/modulus'
96 error error rolling back  { [Error: EACCES, unlink '/usr/local/lib/node_modules/modulus']
96 error error rolling back   errno: 3,
96 error error rolling back   code: 'EACCES',
96 error error rolling back   path: '/usr/local/lib/node_modules/modulus' }
